The system is: Darwin - 22.1.0 - arm64
Compiling the C compiler identification source file "CMakeCCompilerId.c" succeeded.
Compiler: /Library/Developer/CommandLineTools/usr/bin/cc 
Build flags: 
Id flags: -c 

The output was:
0


Compilation of the C compiler identification source "CMakeCCompilerId.c" produced "CMakeCCompilerId.o"

The C compiler identification is AppleClang, found in "/Users/michaljason/Documents/atomic_swap/cmake-build-debug/CMakeFiles/3.24.2/CompilerIdC/CMakeCCompilerId.o"

Compiling the CXX compiler identification source file "CMakeCXXCompilerId.cpp" succeeded.
Compiler: /Library/Developer/CommandLineTools/usr/bin/c++ 
Build flags: 
Id flags: -c 

The output was:
0


Compilation of the CXX compiler identification source "CMakeCXXCompilerId.cpp" produced "CMakeCXXCompilerId.o"

The CXX compiler identification is AppleClang, found in "/Users/michaljason/Documents/atomic_swap/cmake-build-debug/CMakeFiles/3.24.2/CompilerIdCXX/CMakeCXXCompilerId.o"

Detecting C compiler ABI info compiled with the following output:
Change Dir: /Users/michaljason/Documents/atomic_swap/cmake-build-debug/CMakeFiles/CMakeTmp

Run Build Command(s):make -f Makefile cmTC_71ced/fast && /Library/Developer/CommandLineTools/usr/bin/make  -f CMakeFiles/cmTC_71ced.dir/build.make CMakeFiles/cmTC_71ced.dir/build
Building C object CMakeFiles/cmTC_71ced.dir/CMakeCCompilerABI.c.o
/Library/Developer/CommandLineTools/usr/bin/cc   -arch arm64 -isysroot /Library/Developer/CommandLineTools/SDKs/MacOSX13.3.sdk -mmacosx-version-min=13.0 -fcolor-diagnostics   -v -Wl,-v -MD -MT CMakeFiles/cmTC_71ced.dir/CMakeCCompilerABI.c.o -MF CMakeFiles/cmTC_71ced.dir/CMakeCCompilerABI.c.o.d -o CMakeFiles/cmTC_71ced.dir/CMakeCCompilerABI.c.o -c /Applications/CLion.app/Contents/bin/cmake/mac/share/cmake-3.24/Modules/CMakeCCompilerABI.c
Apple clang version 14.0.3 (clang-1403.0.22.14.1)
Target: arm64-apple-darwin22.1.0
Thread model: posix
InstalledDir: /Library/Developer/CommandLineTools/usr/bin
clang: [0;1;35mwarning: [0m[1m-Wl,-v: 'linker' input unused [-Wunused-command-line-argument][0m
 "/Library/Developer/CommandLineTools/usr/bin/clang" -cc1 -triple arm64-apple-macosx13.0.0 -Wundef-prefix=TARGET_OS_ -Wdeprecated-objc-isa-usage -Werror=deprecated-objc-isa-usage -Werror=implicit-function-declaration -emit-obj -mrelax-all --mrelax-relocations -disable-free -clear-ast-before-backend -disable-llvm-verifier -discard-value-names -main-file-name CMakeCCompilerABI.c -mrelocation-model pic -pic-level 2 -mframe-pointer=non-leaf -fno-strict-return -ffp-contract=on -fno-rounding-math -funwind-tables=1 -fobjc-msgsend-selector-stubs -target-sdk-version=13.3 -fvisibility-inlines-hidden-static-local-var -target-cpu apple-m1 -target-feature +v8.5a -target-feature +crc -target-feature +lse -target-feature +rdm -target-feature +crypto -target-feature +dotprod -target-feature +fp-armv8 -target-feature +neon -target-feature +fp16fml -target-feature +ras -target-feature +rcpc -target-feature +zcm -target-feature +zcz -target-feature +fullfp16 -target-feature +sm4 -target-feature +sha3 -target-feature +sha2 -target-feature +aes -target-abi darwinpcs -fallow-half-arguments-and-returns -mllvm -treat-scalable-fixed-error-as-warning -debugger-tuning=lldb -target-linker-version 857.1 -v -fcoverage-compilation-dir=/Users/michaljason/Documents/atomic_swap/cmake-build-debug/CMakeFiles/CMakeTmp -resource-dir /Library/Developer/CommandLineTools/usr/lib/clang/14.0.3 -dependency-file CMakeFiles/cmTC_71ced.dir/CMakeCCompilerABI.c.o.d -skip-unused-modulemap-deps -MT CMakeFiles/cmTC_71ced.dir/CMakeCCompilerABI.c.o -sys-header-deps -isysroot /Library/Developer/CommandLineTools/SDKs/MacOSX13.3.sdk -internal-isystem /Library/Developer/CommandLineTools/SDKs/MacOSX13.3.sdk/usr/local/include -internal-isystem /Library/Developer/CommandLineTools/usr/lib/clang/14.0.3/include -internal-externc-isystem /Library/Developer/CommandLineTools/SDKs/MacOSX13.3.sdk/usr/include -internal-externc-isystem /Library/Developer/CommandLineTools/usr/include -Wno-reorder-init-list -Wno-implicit-int-float-conversion -Wno-c99-designator -Wno-final-dtor-non-final-class -Wno-extra-semi-stmt -Wno-misleading-indentation -Wno-quoted-include-in-framework-header -Wno-implicit-fallthrough -Wno-enum-enum-conversion -Wno-enum-float-conversion -Wno-elaborated-enum-base -Wno-reserved-identifier -Wno-gnu-folding-constant -fdebug-compilation-dir=/Users/michaljason/Documents/atomic_swap/cmake-build-debug/CMakeFiles/CMakeTmp -ferror-limit 19 -stack-protector 1 -fstack-check -mdarwin-stkchk-strong-link -fblocks -fencode-extended-block-signature -fregister-global-dtors-with-atexit -fgnuc-version=4.2.1 -no-opaque-pointers -fmax-type-align=16 -fcommon -fcolor-diagnostics -clang-vendor-feature=+disableNonDependentMemberExprInCurrentInstantiation -fno-odr-hash-protocols -clang-vendor-feature=+enableAggressiveVLAFolding -clang-vendor-feature=+revert09abecef7bbf -clang-vendor-feature=+thisNoAlignAttr -clang-vendor-feature=+thisNoNullAttr -mllvm -disable-aligned-alloc-awareness=1 -D__GCC_HAVE_DWARF2_CFI_ASM=1 -o CMakeFiles/cmTC_71ced.dir/CMakeCCompilerABI.c.o -x c /Applications/CLion.app/Contents/bin/cmake/mac/share/cmake-3.24/Modules/CMakeCCompilerABI.c
clang -cc1 version 14.0.3 (clang-1403.0.22.14.1) default target arm64-apple-darwin22.1.0
ignoring nonexistent directory "/Library/Developer/CommandLineTools/SDKs/MacOSX13.3.sdk/usr/local/include"
ignoring nonexistent directory "/Library/Developer/CommandLineTools/SDKs/MacOSX13.3.sdk/Library/Frameworks"
#include "..." search starts here:
#include <...> search starts here:
 /Library/Developer/CommandLineTools/usr/lib/clang/14.0.3/include
 /Library/Developer/CommandLineTools/SDKs/MacOSX13.3.sdk/usr/include
 /Library/Developer/CommandLineTools/usr/include
 /Library/Developer/CommandLineTools/SDKs/MacOSX13.3.sdk/System/Library/Frameworks (framework directory)
End of search list.
Linking C executable cmTC_71ced
/Applications/CLion.app/Contents/bin/cmake/mac/bin/cmake -E cmake_link_script CMakeFiles/cmTC_71ced.dir/link.txt --verbose=1
/Library/Developer/CommandLineTools/usr/bin/cc  -arch arm64 -isysroot /Library/Developer/CommandLineTools/SDKs/MacOSX13.3.sdk -mmacosx-version-min=13.0 -Wl,-search_paths_first -Wl,-headerpad_max_install_names  -v -Wl,-v CMakeFiles/cmTC_71ced.dir/CMakeCCompilerABI.c.o -o cmTC_71ced 
Apple clang version 14.0.3 (clang-1403.0.22.14.1)
Target: arm64-apple-darwin22.1.0
Thread model: posix
InstalledDir: /Library/Developer/CommandLineTools/usr/bin
 "/Library/Developer/CommandLineTools/usr/bin/ld" -demangle -lto_library /Library/Developer/CommandLineTools/usr/lib/libLTO.dylib -dynamic -arch arm64 -platform_version macos 13.0.0 13.3 -syslibroot /Library/Developer/CommandLineTools/SDKs/MacOSX13.3.sdk -o cmTC_71ced -search_paths_first -headerpad_max_install_names -v CMakeFiles/cmTC_71ced.dir/CMakeCCompilerABI.c.o -lSystem /Library/Developer/CommandLineTools/usr/lib/clang/14.0.3/lib/darwin/libclang_rt.osx.a
@(#)PROGRAM:ld  PROJECT:ld64-857.1
BUILD 23:13:29 May  7 2023
configured to support archs: armv6 armv7 armv7s arm64 arm64e arm64_32 i386 x86_64 x86_64h armv6m armv7k armv7m armv7em
Library search paths:
	/Library/Developer/CommandLineTools/SDKs/MacOSX13.3.sdk/usr/lib
Framework search paths:
	/Library/Developer/CommandLineTools/SDKs/MacOSX13.3.sdk/System/Library/Frameworks/



Parsed C implicit include dir info from above output: rv=loading
  found start of include info
  warn: unable to parse implicit include dirs!


Parsed C implicit link information from above output:
  link line regex: [^( *|.*[/\])(ld|CMAKE_LINK_STARTFILE-NOTFOUND|([^/\]+-)?ld|collect2)[^/\]*( |$)]
  ignore line: [Change Dir: /Users/michaljason/Documents/atomic_swap/cmake-build-debug/CMakeFiles/CMakeTmp]
  ignore line: []
  ignore line: [Run Build Command(s):make -f Makefile cmTC_71ced/fast && /Library/Developer/CommandLineTools/usr/bin/make  -f CMakeFiles/cmTC_71ced.dir/build.make CMakeFiles/cmTC_71ced.dir/build]
  ignore line: [Building C object CMakeFiles/cmTC_71ced.dir/CMakeCCompilerABI.c.o]
  ignore line: [/Library/Developer/CommandLineTools/usr/bin/cc   -arch arm64 -isysroot /Library/Developer/CommandLineTools/SDKs/MacOSX13.3.sdk -mmacosx-version-min=13.0 -fcolor-diagnostics   -v -Wl -v -MD -MT CMakeFiles/cmTC_71ced.dir/CMakeCCompilerABI.c.o -MF CMakeFiles/cmTC_71ced.dir/CMakeCCompilerABI.c.o.d -o CMakeFiles/cmTC_71ced.dir/CMakeCCompilerABI.c.o -c /Applications/CLion.app/Contents/bin/cmake/mac/share/cmake-3.24/Modules/CMakeCCompilerABI.c]
  ignore line: [Apple clang version 14.0.3 (clang-1403.0.22.14.1)]
  ignore line: [Target: arm64-apple-darwin22.1.0]
  ignore line: [Thread model: posix]
  ignore line: [InstalledDir: /Library/Developer/CommandLineTools/usr/bin]
  ignore line: [clang: [0;1;35mwarning: [0m[1m-Wl,-v: 'linker' input unused [-Wunused-command-line-argument][0m; "/Library/Developer/CommandLineTools/usr/bin/clang" -cc1 -triple arm64-apple-macosx13.0.0 -Wundef-prefix=TARGET_OS_ -Wdeprecated-objc-isa-usage -Werror=deprecated-objc-isa-usage -Werror=implicit-function-declaration -emit-obj -mrelax-all --mrelax-relocations -disable-free -clear-ast-before-backend -disable-llvm-verifier -discard-value-names -main-file-name CMakeCCompilerABI.c -mrelocation-model pic -pic-level 2 -mframe-pointer=non-leaf -fno-strict-return -ffp-contract=on -fno-rounding-math -funwind-tables=1 -fobjc-msgsend-selector-stubs -target-sdk-version=13.3 -fvisibility-inlines-hidden-static-local-var -target-cpu apple-m1 -target-feature +v8.5a -target-feature +crc -target-feature +lse -target-feature +rdm -target-feature +crypto -target-feature +dotprod -target-feature +fp-armv8 -target-feature +neon -target-feature +fp16fml -target-feature +ras -target-feature +rcpc -target-feature +zcm -target-feature +zcz -target-feature +fullfp16 -target-feature +sm4 -target-feature +sha3 -target-feature +sha2 -target-feature +aes -target-abi darwinpcs -fallow-half-arguments-and-returns -mllvm -treat-scalable-fixed-error-as-warning -debugger-tuning=lldb -target-linker-version 857.1 -v -fcoverage-compilation-dir=/Users/michaljason/Documents/atomic_swap/cmake-build-debug/CMakeFiles/CMakeTmp -resource-dir /Library/Developer/CommandLineTools/usr/lib/clang/14.0.3 -dependency-file CMakeFiles/cmTC_71ced.dir/CMakeCCompilerABI.c.o.d -skip-unused-modulemap-deps -MT CMakeFiles/cmTC_71ced.dir/CMakeCCompilerABI.c.o -sys-header-deps -isysroot /Library/Developer/CommandLineTools/SDKs/MacOSX13.3.sdk -internal-isystem /Library/Developer/CommandLineTools/SDKs/MacOSX13.3.sdk/usr/local/include -internal-isystem /Library/Developer/CommandLineTools/usr/lib/clang/14.0.3/include -internal-externc-isystem /Library/Developer/CommandLineTools/SDKs/MacOSX13.3.sdk/usr/include -internal-externc-isystem /Library/Developer/CommandLineTools/usr/include -Wno-reorder-init-list -Wno-implicit-int-float-conversion -Wno-c99-designator -Wno-final-dtor-non-final-class -Wno-extra-semi-stmt -Wno-misleading-indentation -Wno-quoted-include-in-framework-header -Wno-implicit-fallthrough -Wno-enum-enum-conversion -Wno-enum-float-conversion -Wno-elaborated-enum-base -Wno-reserved-identifier -Wno-gnu-folding-constant -fdebug-compilation-dir=/Users/michaljason/Documents/atomic_swap/cmake-build-debug/CMakeFiles/CMakeTmp -ferror-limit 19 -stack-protector 1 -fstack-check -mdarwin-stkchk-strong-link -fblocks -fencode-extended-block-signature -fregister-global-dtors-with-atexit -fgnuc-version=4.2.1 -no-opaque-pointers -fmax-type-align=16 -fcommon -fcolor-diagnostics -clang-vendor-feature=+disableNonDependentMemberExprInCurrentInstantiation -fno-odr-hash-protocols -clang-vendor-feature=+enableAggressiveVLAFolding -clang-vendor-feature=+revert09abecef7bbf -clang-vendor-feature=+thisNoAlignAttr -clang-vendor-feature=+thisNoNullAttr -mllvm -disable-aligned-alloc-awareness=1 -D__GCC_HAVE_DWARF2_CFI_ASM=1 -o CMakeFiles/cmTC_71ced.dir/CMakeCCompilerABI.c.o -x c /Applications/CLion.app/Contents/bin/cmake/mac/share/cmake-3.24/Modules/CMakeCCompilerABI.c;clang -cc1 version 14.0.3 (clang-1403.0.22.14.1) default target arm64-apple-darwin22.1.0;ignoring nonexistent directory "/Library/Developer/CommandLineTools/SDKs/MacOSX13.3.sdk/usr/local/include";ignoring nonexistent directory "/Library/Developer/CommandLineTools/SDKs/MacOSX13.3.sdk/Library/Frameworks";#include "..." search starts here:;#include <...> search starts here:; /Library/Developer/CommandLineTools/usr/lib/clang/14.0.3/include; /Library/Developer/CommandLineTools/SDKs/MacOSX13.3.sdk/usr/include; /Library/Developer/CommandLineTools/usr/include; /Library/Developer/CommandLineTools/SDKs/MacOSX13.3.sdk/System/Library/Frameworks (framework directory);End of search list.;Linking C executable cmTC_71ced;/Applications/CLion.app/Contents/bin/cmake/mac/bin/cmake -E cmake_link_script CMakeFiles/cmTC_71ced.dir/link.txt --verbose=1;/Library/Developer/CommandLineTools/usr/bin/cc  -arch arm64 -isysroot /Library/Developer/CommandLineTools/SDKs/MacOSX13.3.sdk -mmacosx-version-min=13.0 -Wl,-search_paths_first -Wl,-headerpad_max_install_names  -v -Wl,-v CMakeFiles/cmTC_71ced.dir/CMakeCCompilerABI.c.o -o cmTC_71ced ;Apple clang version 14.0.3 (clang-1403.0.22.14.1);Target: arm64-apple-darwin22.1.0;Thread model: posix;InstalledDir: /Library/Developer/CommandLineTools/usr/bin; "/Library/Developer/CommandLineTools/usr/bin/ld" -demangle -lto_library /Library/Developer/CommandLineTools/usr/lib/libLTO.dylib -dynamic -arch arm64 -platform_version macos 13.0.0 13.3 -syslibroot /Library/Developer/CommandLineTools/SDKs/MacOSX13.3.sdk -o cmTC_71ced -search_paths_first -headerpad_max_install_names -v CMakeFiles/cmTC_71ced.dir/CMakeCCompilerABI.c.o -lSystem /Library/Developer/CommandLineTools/usr/lib/clang/14.0.3/lib/darwin/libclang_rt.osx.a;@(#)PROGRAM:ld  PROJECT:ld64-857.1;BUILD 23:13:29 May  7 2023;configured to support archs: armv6 armv7 armv7s arm64 arm64e arm64_32 i386 x86_64 x86_64h armv6m armv7k armv7m armv7em;Library search paths:;	/Library/Developer/CommandLineTools/SDKs/MacOSX13.3.sdk/usr/lib;Framework search paths:;	/Library/Developer/CommandLineTools/SDKs/MacOSX13.3.sdk/System/Library/Frameworks/;;]
  Library search paths: [;/Library/Developer/CommandLineTools/SDKs/MacOSX13.3.sdk/usr/lib]
  Framework search paths: [;/Library/Developer/CommandLineTools/SDKs/MacOSX13.3.sdk/System/Library/Frameworks/]
  collapse library dir [/Library/Developer/CommandLineTools/SDKs/MacOSX13.3.sdk/usr/lib] ==> [/Library/Developer/CommandLineTools/SDKs/MacOSX13.3.sdk/usr/lib]
  collapse framework dir [/Library/Developer/CommandLineTools/SDKs/MacOSX13.3.sdk/System/Library/Frameworks/] ==> [/Library/Developer/CommandLineTools/SDKs/MacOSX13.3.sdk/System/Library/Frameworks]
  implicit libs: []
  implicit objs: []
  implicit dirs: [/Library/Developer/CommandLineTools/SDKs/MacOSX13.3.sdk/usr/lib]
  implicit fwks: [/Library/Developer/CommandLineTools/SDKs/MacOSX13.3.sdk/System/Library/Frameworks]


Detecting CXX compiler ABI info compiled with the following output:
Change Dir: /Users/michaljason/Documents/atomic_swap/cmake-build-debug/CMakeFiles/CMakeTmp

Run Build Command(s):make -f Makefile cmTC_08b2f/fast && /Library/Developer/CommandLineTools/usr/bin/make  -f CMakeFiles/cmTC_08b2f.dir/build.make CMakeFiles/cmTC_08b2f.dir/build
Building CXX object CMakeFiles/cmTC_08b2f.dir/CMakeCXXCompilerABI.cpp.o
/Library/Developer/CommandLineTools/usr/bin/c++   -arch arm64 -isysroot /Library/Developer/CommandLineTools/SDKs/MacOSX13.3.sdk -mmacosx-version-min=13.0 -fcolor-diagnostics   -v -Wl,-v -MD -MT CMakeFiles/cmTC_08b2f.dir/CMakeCXXCompilerABI.cpp.o -MF CMakeFiles/cmTC_08b2f.dir/CMakeCXXCompilerABI.cpp.o.d -o CMakeFiles/cmTC_08b2f.dir/CMakeCXXCompilerABI.cpp.o -c /Applications/CLion.app/Contents/bin/cmake/mac/share/cmake-3.24/Modules/CMakeCXXCompilerABI.cpp
Apple clang version 14.0.3 (clang-1403.0.22.14.1)
Target: arm64-apple-darwin22.1.0
Thread model: posix
InstalledDir: /Library/Developer/CommandLineTools/usr/bin
clang: [0;1;35mwarning: [0m[1m-Wl,-v: 'linker' input unused [-Wunused-command-line-argument][0m
 "/Library/Developer/CommandLineTools/usr/bin/clang" -cc1 -triple arm64-apple-macosx13.0.0 -Wundef-prefix=TARGET_OS_ -Wdeprecated-objc-isa-usage -Werror=deprecated-objc-isa-usage -Werror=implicit-function-declaration -emit-obj -mrelax-all --mrelax-relocations -disable-free -clear-ast-before-backend -disable-llvm-verifier -discard-value-names -main-file-name CMakeCXXCompilerABI.cpp -mrelocation-model pic -pic-level 2 -mframe-pointer=non-leaf -fno-strict-return -ffp-contract=on -fno-rounding-math -funwind-tables=1 -fobjc-msgsend-selector-stubs -target-sdk-version=13.3 -fvisibility-inlines-hidden-static-local-var -target-cpu apple-m1 -target-feature +v8.5a -target-feature +crc -target-feature +lse -target-feature +rdm -target-feature +crypto -target-feature +dotprod -target-feature +fp-armv8 -target-feature +neon -target-feature +fp16fml -target-feature +ras -target-feature +rcpc -target-feature +zcm -target-feature +zcz -target-feature +fullfp16 -target-feature +sm4 -target-feature +sha3 -target-feature +sha2 -target-feature +aes -target-abi darwinpcs -fallow-half-arguments-and-returns -mllvm -treat-scalable-fixed-error-as-warning -debugger-tuning=lldb -target-linker-version 857.1 -v -fcoverage-compilation-dir=/Users/michaljason/Documents/atomic_swap/cmake-build-debug/CMakeFiles/CMakeTmp -resource-dir /Library/Developer/CommandLineTools/usr/lib/clang/14.0.3 -dependency-file CMakeFiles/cmTC_08b2f.dir/CMakeCXXCompilerABI.cpp.o.d -skip-unused-modulemap-deps -MT CMakeFiles/cmTC_08b2f.dir/CMakeCXXCompilerABI.cpp.o -sys-header-deps -isysroot /Library/Developer/CommandLineTools/SDKs/MacOSX13.3.sdk -stdlib=libc++ -internal-isystem /Library/Developer/CommandLineTools/SDKs/MacOSX13.3.sdk/usr/include/c++/v1 -internal-isystem /Library/Developer/CommandLineTools/SDKs/MacOSX13.3.sdk/usr/local/include -internal-isystem /Library/Developer/CommandLineTools/usr/lib/clang/14.0.3/include -internal-externc-isystem /Library/Developer/CommandLineTools/SDKs/MacOSX13.3.sdk/usr/include -internal-externc-isystem /Library/Developer/CommandLineTools/usr/include -Wno-reorder-init-list -Wno-implicit-int-float-conversion -Wno-c99-designator -Wno-final-dtor-non-final-class -Wno-extra-semi-stmt -Wno-misleading-indentation -Wno-quoted-include-in-framework-header -Wno-implicit-fallthrough -Wno-enum-enum-conversion -Wno-enum-float-conversion -Wno-elaborated-enum-base -Wno-reserved-identifier -Wno-gnu-folding-constant -fdeprecated-macro -fdebug-compilation-dir=/Users/michaljason/Documents/atomic_swap/cmake-build-debug/CMakeFiles/CMakeTmp -ferror-limit 19 -stack-protector 1 -fstack-check -mdarwin-stkchk-strong-link -fblocks -fencode-extended-block-signature -fregister-global-dtors-with-atexit -fgnuc-version=4.2.1 -fno-cxx-modules -no-opaque-pointers -fcxx-exceptions -fexceptions -fmax-type-align=16 -fcommon -fcolor-diagnostics -clang-vendor-feature=+disableNonDependentMemberExprInCurrentInstantiation -fno-odr-hash-protocols -clang-vendor-feature=+enableAggressiveVLAFolding -clang-vendor-feature=+revert09abecef7bbf -clang-vendor-feature=+thisNoAlignAttr -clang-vendor-feature=+thisNoNullAttr -mllvm -disable-aligned-alloc-awareness=1 -D__GCC_HAVE_DWARF2_CFI_ASM=1 -o CMakeFiles/cmTC_08b2f.dir/CMakeCXXCompilerABI.cpp.o -x c++ /Applications/CLion.app/Contents/bin/cmake/mac/share/cmake-3.24/Modules/CMakeCXXCompilerABI.cpp
clang -cc1 version 14.0.3 (clang-1403.0.22.14.1) default target arm64-apple-darwin22.1.0
ignoring nonexistent directory "/Library/Developer/CommandLineTools/SDKs/MacOSX13.3.sdk/usr/local/include"
ignoring nonexistent directory "/Library/Developer/CommandLineTools/SDKs/MacOSX13.3.sdk/Library/Frameworks"
#include "..." search starts here:
#include <...> search starts here:
 /Library/Developer/CommandLineTools/SDKs/MacOSX13.3.sdk/usr/include/c++/v1
 /Library/Developer/CommandLineTools/usr/lib/clang/14.0.3/include
 /Library/Developer/CommandLineTools/SDKs/MacOSX13.3.sdk/usr/include
 /Library/Developer/CommandLineTools/usr/include
 /Library/Developer/CommandLineTools/SDKs/MacOSX13.3.sdk/System/Library/Frameworks (framework directory)
End of search list.
Linking CXX executable cmTC_08b2f
/Applications/CLion.app/Contents/bin/cmake/mac/bin/cmake -E cmake_link_script CMakeFiles/cmTC_08b2f.dir/link.txt --verbose=1
/Library/Developer/CommandLineTools/usr/bin/c++  -arch arm64 -isysroot /Library/Developer/CommandLineTools/SDKs/MacOSX13.3.sdk -mmacosx-version-min=13.0 -Wl,-search_paths_first -Wl,-headerpad_max_install_names  -v -Wl,-v CMakeFiles/cmTC_08b2f.dir/CMakeCXXCompilerABI.cpp.o -o cmTC_08b2f 
Apple clang version 14.0.3 (clang-1403.0.22.14.1)
Target: arm64-apple-darwin22.1.0
Thread model: posix
InstalledDir: /Library/Developer/CommandLineTools/usr/bin
 "/Library/Developer/CommandLineTools/usr/bin/ld" -demangle -lto_library /Library/Developer/CommandLineTools/usr/lib/libLTO.dylib -dynamic -arch arm64 -platform_version macos 13.0.0 13.3 -syslibroot /Library/Developer/CommandLineTools/SDKs/MacOSX13.3.sdk -o cmTC_08b2f -search_paths_first -headerpad_max_install_names -v CMakeFiles/cmTC_08b2f.dir/CMakeCXXCompilerABI.cpp.o -lc++ -lSystem /Library/Developer/CommandLineTools/usr/lib/clang/14.0.3/lib/darwin/libclang_rt.osx.a
@(#)PROGRAM:ld  PROJECT:ld64-857.1
BUILD 23:13:29 May  7 2023
configured to support archs: armv6 armv7 armv7s arm64 arm64e arm64_32 i386 x86_64 x86_64h armv6m armv7k armv7m armv7em
Library search paths:
	/Library/Developer/CommandLineTools/SDKs/MacOSX13.3.sdk/usr/lib
Framework search paths:
	/Library/Developer/CommandLineTools/SDKs/MacOSX13.3.sdk/System/Library/Frameworks/



Parsed CXX implicit include dir info from above output: rv=loading
  found start of include info
  warn: unable to parse implicit include dirs!


Parsed CXX implicit link information from above output:
  link line regex: [^( *|.*[/\])(ld|CMAKE_LINK_STARTFILE-NOTFOUND|([^/\]+-)?ld|collect2)[^/\]*( |$)]
  ignore line: [Change Dir: /Users/michaljason/Documents/atomic_swap/cmake-build-debug/CMakeFiles/CMakeTmp]
  ignore line: []
  ignore line: [Run Build Command(s):make -f Makefile cmTC_08b2f/fast && /Library/Developer/CommandLineTools/usr/bin/make  -f CMakeFiles/cmTC_08b2f.dir/build.make CMakeFiles/cmTC_08b2f.dir/build]
  ignore line: [Building CXX object CMakeFiles/cmTC_08b2f.dir/CMakeCXXCompilerABI.cpp.o]
  ignore line: [/Library/Developer/CommandLineTools/usr/bin/c++   -arch arm64 -isysroot /Library/Developer/CommandLineTools/SDKs/MacOSX13.3.sdk -mmacosx-version-min=13.0 -fcolor-diagnostics   -v -Wl -v -MD -MT CMakeFiles/cmTC_08b2f.dir/CMakeCXXCompilerABI.cpp.o -MF CMakeFiles/cmTC_08b2f.dir/CMakeCXXCompilerABI.cpp.o.d -o CMakeFiles/cmTC_08b2f.dir/CMakeCXXCompilerABI.cpp.o -c /Applications/CLion.app/Contents/bin/cmake/mac/share/cmake-3.24/Modules/CMakeCXXCompilerABI.cpp]
  ignore line: [Apple clang version 14.0.3 (clang-1403.0.22.14.1)]
  ignore line: [Target: arm64-apple-darwin22.1.0]
  ignore line: [Thread model: posix]
  ignore line: [InstalledDir: /Library/Developer/CommandLineTools/usr/bin]
  ignore line: [clang: [0;1;35mwarning: [0m[1m-Wl,-v: 'linker' input unused [-Wunused-command-line-argument][0m; "/Library/Developer/CommandLineTools/usr/bin/clang" -cc1 -triple arm64-apple-macosx13.0.0 -Wundef-prefix=TARGET_OS_ -Wdeprecated-objc-isa-usage -Werror=deprecated-objc-isa-usage -Werror=implicit-function-declaration -emit-obj -mrelax-all --mrelax-relocations -disable-free -clear-ast-before-backend -disable-llvm-verifier -discard-value-names -main-file-name CMakeCXXCompilerABI.cpp -mrelocation-model pic -pic-level 2 -mframe-pointer=non-leaf -fno-strict-return -ffp-contract=on -fno-rounding-math -funwind-tables=1 -fobjc-msgsend-selector-stubs -target-sdk-version=13.3 -fvisibility-inlines-hidden-static-local-var -target-cpu apple-m1 -target-feature +v8.5a -target-feature +crc -target-feature +lse -target-feature +rdm -target-feature +crypto -target-feature +dotprod -target-feature +fp-armv8 -target-feature +neon -target-feature +fp16fml -target-feature +ras -target-feature +rcpc -target-feature +zcm -target-feature +zcz -target-feature +fullfp16 -target-feature +sm4 -target-feature +sha3 -target-feature +sha2 -target-feature +aes -target-abi darwinpcs -fallow-half-arguments-and-returns -mllvm -treat-scalable-fixed-error-as-warning -debugger-tuning=lldb -target-linker-version 857.1 -v -fcoverage-compilation-dir=/Users/michaljason/Documents/atomic_swap/cmake-build-debug/CMakeFiles/CMakeTmp -resource-dir /Library/Developer/CommandLineTools/usr/lib/clang/14.0.3 -dependency-file CMakeFiles/cmTC_08b2f.dir/CMakeCXXCompilerABI.cpp.o.d -skip-unused-modulemap-deps -MT CMakeFiles/cmTC_08b2f.dir/CMakeCXXCompilerABI.cpp.o -sys-header-deps -isysroot /Library/Developer/CommandLineTools/SDKs/MacOSX13.3.sdk -stdlib=libc++ -internal-isystem /Library/Developer/CommandLineTools/SDKs/MacOSX13.3.sdk/usr/include/c++/v1 -internal-isystem /Library/Developer/CommandLineTools/SDKs/MacOSX13.3.sdk/usr/local/include -internal-isystem /Library/Developer/CommandLineTools/usr/lib/clang/14.0.3/include -internal-externc-isystem /Library/Developer/CommandLineTools/SDKs/MacOSX13.3.sdk/usr/include -internal-externc-isystem /Library/Developer/CommandLineTools/usr/include -Wno-reorder-init-list -Wno-implicit-int-float-conversion -Wno-c99-designator -Wno-final-dtor-non-final-class -Wno-extra-semi-stmt -Wno-misleading-indentation -Wno-quoted-include-in-framework-header -Wno-implicit-fallthrough -Wno-enum-enum-conversion -Wno-enum-float-conversion -Wno-elaborated-enum-base -Wno-reserved-identifier -Wno-gnu-folding-constant -fdeprecated-macro -fdebug-compilation-dir=/Users/michaljason/Documents/atomic_swap/cmake-build-debug/CMakeFiles/CMakeTmp -ferror-limit 19 -stack-protector 1 -fstack-check -mdarwin-stkchk-strong-link -fblocks -fencode-extended-block-signature -fregister-global-dtors-with-atexit -fgnuc-version=4.2.1 -fno-cxx-modules -no-opaque-pointers -fcxx-exceptions -fexceptions -fmax-type-align=16 -fcommon -fcolor-diagnostics -clang-vendor-feature=+disableNonDependentMemberExprInCurrentInstantiation -fno-odr-hash-protocols -clang-vendor-feature=+enableAggressiveVLAFolding -clang-vendor-feature=+revert09abecef7bbf -clang-vendor-feature=+thisNoAlignAttr -clang-vendor-feature=+thisNoNullAttr -mllvm -disable-aligned-alloc-awareness=1 -D__GCC_HAVE_DWARF2_CFI_ASM=1 -o CMakeFiles/cmTC_08b2f.dir/CMakeCXXCompilerABI.cpp.o -x c++ /Applications/CLion.app/Contents/bin/cmake/mac/share/cmake-3.24/Modules/CMakeCXXCompilerABI.cpp;clang -cc1 version 14.0.3 (clang-1403.0.22.14.1) default target arm64-apple-darwin22.1.0;ignoring nonexistent directory "/Library/Developer/CommandLineTools/SDKs/MacOSX13.3.sdk/usr/local/include";ignoring nonexistent directory "/Library/Developer/CommandLineTools/SDKs/MacOSX13.3.sdk/Library/Frameworks";#include "..." search starts here:;#include <...> search starts here:; /Library/Developer/CommandLineTools/SDKs/MacOSX13.3.sdk/usr/include/c++/v1; /Library/Developer/CommandLineTools/usr/lib/clang/14.0.3/include; /Library/Developer/CommandLineTools/SDKs/MacOSX13.3.sdk/usr/include; /Library/Developer/CommandLineTools/usr/include; /Library/Developer/CommandLineTools/SDKs/MacOSX13.3.sdk/System/Library/Frameworks (framework directory);End of search list.;Linking CXX executable cmTC_08b2f;/Applications/CLion.app/Contents/bin/cmake/mac/bin/cmake -E cmake_link_script CMakeFiles/cmTC_08b2f.dir/link.txt --verbose=1;/Library/Developer/CommandLineTools/usr/bin/c++  -arch arm64 -isysroot /Library/Developer/CommandLineTools/SDKs/MacOSX13.3.sdk -mmacosx-version-min=13.0 -Wl,-search_paths_first -Wl,-headerpad_max_install_names  -v -Wl,-v CMakeFiles/cmTC_08b2f.dir/CMakeCXXCompilerABI.cpp.o -o cmTC_08b2f ;Apple clang version 14.0.3 (clang-1403.0.22.14.1);Target: arm64-apple-darwin22.1.0;Thread model: posix;InstalledDir: /Library/Developer/CommandLineTools/usr/bin; "/Library/Developer/CommandLineTools/usr/bin/ld" -demangle -lto_library /Library/Developer/CommandLineTools/usr/lib/libLTO.dylib -dynamic -arch arm64 -platform_version macos 13.0.0 13.3 -syslibroot /Library/Developer/CommandLineTools/SDKs/MacOSX13.3.sdk -o cmTC_08b2f -search_paths_first -headerpad_max_install_names -v CMakeFiles/cmTC_08b2f.dir/CMakeCXXCompilerABI.cpp.o -lc++ -lSystem /Library/Developer/CommandLineTools/usr/lib/clang/14.0.3/lib/darwin/libclang_rt.osx.a;@(#)PROGRAM:ld  PROJECT:ld64-857.1;BUILD 23:13:29 May  7 2023;configured to support archs: armv6 armv7 armv7s arm64 arm64e arm64_32 i386 x86_64 x86_64h armv6m armv7k armv7m armv7em;Library search paths:;	/Library/Developer/CommandLineTools/SDKs/MacOSX13.3.sdk/usr/lib;Framework search paths:;	/Library/Developer/CommandLineTools/SDKs/MacOSX13.3.sdk/System/Library/Frameworks/;;]
  Library search paths: [;/Library/Developer/CommandLineTools/SDKs/MacOSX13.3.sdk/usr/lib]
  Framework search paths: [;/Library/Developer/CommandLineTools/SDKs/MacOSX13.3.sdk/System/Library/Frameworks/]
  collapse library dir [/Library/Developer/CommandLineTools/SDKs/MacOSX13.3.sdk/usr/lib] ==> [/Library/Developer/CommandLineTools/SDKs/MacOSX13.3.sdk/usr/lib]
  collapse framework dir [/Library/Developer/CommandLineTools/SDKs/MacOSX13.3.sdk/System/Library/Frameworks/] ==> [/Library/Developer/CommandLineTools/SDKs/MacOSX13.3.sdk/System/Library/Frameworks]
  implicit libs: []
  implicit objs: []
  implicit dirs: [/Library/Developer/CommandLineTools/SDKs/MacOSX13.3.sdk/usr/lib]
  implicit fwks: [/Library/Developer/CommandLineTools/SDKs/MacOSX13.3.sdk/System/Library/Frameworks]


Performing C SOURCE FILE Test C_SUPPORTS__PEDANTIC succeeded with the following output:
Change Dir: /Users/michaljason/Documents/atomic_swap/cmake-build-debug/CMakeFiles/CMakeTmp

Run Build Command(s):make -f Makefile cmTC_9a41b/fast && /Library/Developer/CommandLineTools/usr/bin/make  -f CMakeFiles/cmTC_9a41b.dir/build.make CMakeFiles/cmTC_9a41b.dir/build
Building C object CMakeFiles/cmTC_9a41b.dir/src.c.o
/Library/Developer/CommandLineTools/usr/bin/cc -DC_SUPPORTS__PEDANTIC  -Werror -arch arm64 -isysroot /Library/Developer/CommandLineTools/SDKs/MacOSX13.3.sdk -mmacosx-version-min=13.0 -fcolor-diagnostics   -pedantic -std=c90 -MD -MT CMakeFiles/cmTC_9a41b.dir/src.c.o -MF CMakeFiles/cmTC_9a41b.dir/src.c.o.d -o CMakeFiles/cmTC_9a41b.dir/src.c.o -c /Users/michaljason/Documents/atomic_swap/cmake-build-debug/CMakeFiles/CMakeTmp/src.c
Linking C static library libcmTC_9a41b.a
/Applications/CLion.app/Contents/bin/cmake/mac/bin/cmake -P CMakeFiles/cmTC_9a41b.dir/cmake_clean_target.cmake
/Applications/CLion.app/Contents/bin/cmake/mac/bin/cmake -E cmake_link_script CMakeFiles/cmTC_9a41b.dir/link.txt --verbose=1
/Library/Developer/CommandLineTools/usr/bin/ar qc libcmTC_9a41b.a CMakeFiles/cmTC_9a41b.dir/src.c.o
/Library/Developer/CommandLineTools/usr/bin/ranlib libcmTC_9a41b.a


Source file was:
int main(void) { return 0; }
Performing C SOURCE FILE Test C_SUPPORTS__WALL succeeded with the following output:
Change Dir: /Users/michaljason/Documents/atomic_swap/cmake-build-debug/CMakeFiles/CMakeTmp

Run Build Command(s):make -f Makefile cmTC_4b224/fast && /Library/Developer/CommandLineTools/usr/bin/make  -f CMakeFiles/cmTC_4b224.dir/build.make CMakeFiles/cmTC_4b224.dir/build
Building C object CMakeFiles/cmTC_4b224.dir/src.c.o
/Library/Developer/CommandLineTools/usr/bin/cc -DC_SUPPORTS__WALL  -Werror -arch arm64 -isysroot /Library/Developer/CommandLineTools/SDKs/MacOSX13.3.sdk -mmacosx-version-min=13.0 -fcolor-diagnostics   -Wall -std=c90 -MD -MT CMakeFiles/cmTC_4b224.dir/src.c.o -MF CMakeFiles/cmTC_4b224.dir/src.c.o.d -o CMakeFiles/cmTC_4b224.dir/src.c.o -c /Users/michaljason/Documents/atomic_swap/cmake-build-debug/CMakeFiles/CMakeTmp/src.c
Linking C static library libcmTC_4b224.a
/Applications/CLion.app/Contents/bin/cmake/mac/bin/cmake -P CMakeFiles/cmTC_4b224.dir/cmake_clean_target.cmake
/Applications/CLion.app/Contents/bin/cmake/mac/bin/cmake -E cmake_link_script CMakeFiles/cmTC_4b224.dir/link.txt --verbose=1
/Library/Developer/CommandLineTools/usr/bin/ar qc libcmTC_4b224.a CMakeFiles/cmTC_4b224.dir/src.c.o
/Library/Developer/CommandLineTools/usr/bin/ranlib libcmTC_4b224.a


Source file was:
int main(void) { return 0; }
Performing C SOURCE FILE Test C_SUPPORTS__WCAST_ALIGN succeeded with the following output:
Change Dir: /Users/michaljason/Documents/atomic_swap/cmake-build-debug/CMakeFiles/CMakeTmp

Run Build Command(s):make -f Makefile cmTC_eae91/fast && /Library/Developer/CommandLineTools/usr/bin/make  -f CMakeFiles/cmTC_eae91.dir/build.make CMakeFiles/cmTC_eae91.dir/build
Building C object CMakeFiles/cmTC_eae91.dir/src.c.o
/Library/Developer/CommandLineTools/usr/bin/cc -DC_SUPPORTS__WCAST_ALIGN  -Werror -arch arm64 -isysroot /Library/Developer/CommandLineTools/SDKs/MacOSX13.3.sdk -mmacosx-version-min=13.0 -fcolor-diagnostics   -Wcast-align -std=c90 -MD -MT CMakeFiles/cmTC_eae91.dir/src.c.o -MF CMakeFiles/cmTC_eae91.dir/src.c.o.d -o CMakeFiles/cmTC_eae91.dir/src.c.o -c /Users/michaljason/Documents/atomic_swap/cmake-build-debug/CMakeFiles/CMakeTmp/src.c
Linking C static library libcmTC_eae91.a
/Applications/CLion.app/Contents/bin/cmake/mac/bin/cmake -P CMakeFiles/cmTC_eae91.dir/cmake_clean_target.cmake
/Applications/CLion.app/Contents/bin/cmake/mac/bin/cmake -E cmake_link_script CMakeFiles/cmTC_eae91.dir/link.txt --verbose=1
/Library/Developer/CommandLineTools/usr/bin/ar qc libcmTC_eae91.a CMakeFiles/cmTC_eae91.dir/src.c.o
/Library/Developer/CommandLineTools/usr/bin/ranlib libcmTC_eae91.a


Source file was:
int main(void) { return 0; }
Performing C SOURCE FILE Test C_SUPPORTS__WCONDITIONAL_UNINITIALIZED succeeded with the following output:
Change Dir: /Users/michaljason/Documents/atomic_swap/cmake-build-debug/CMakeFiles/CMakeTmp

Run Build Command(s):make -f Makefile cmTC_a0bc7/fast && /Library/Developer/CommandLineTools/usr/bin/make  -f CMakeFiles/cmTC_a0bc7.dir/build.make CMakeFiles/cmTC_a0bc7.dir/build
Building C object CMakeFiles/cmTC_a0bc7.dir/src.c.o
/Library/Developer/CommandLineTools/usr/bin/cc -DC_SUPPORTS__WCONDITIONAL_UNINITIALIZED  -Werror -arch arm64 -isysroot /Library/Developer/CommandLineTools/SDKs/MacOSX13.3.sdk -mmacosx-version-min=13.0 -fcolor-diagnostics   -Wconditional-uninitialized -std=c90 -MD -MT CMakeFiles/cmTC_a0bc7.dir/src.c.o -MF CMakeFiles/cmTC_a0bc7.dir/src.c.o.d -o CMakeFiles/cmTC_a0bc7.dir/src.c.o -c /Users/michaljason/Documents/atomic_swap/cmake-build-debug/CMakeFiles/CMakeTmp/src.c
Linking C static library libcmTC_a0bc7.a
/Applications/CLion.app/Contents/bin/cmake/mac/bin/cmake -P CMakeFiles/cmTC_a0bc7.dir/cmake_clean_target.cmake
/Applications/CLion.app/Contents/bin/cmake/mac/bin/cmake -E cmake_link_script CMakeFiles/cmTC_a0bc7.dir/link.txt --verbose=1
/Library/Developer/CommandLineTools/usr/bin/ar qc libcmTC_a0bc7.a CMakeFiles/cmTC_a0bc7.dir/src.c.o
/Library/Developer/CommandLineTools/usr/bin/ranlib libcmTC_a0bc7.a


Source file was:
int main(void) { return 0; }
Performing C SOURCE FILE Test C_SUPPORTS__WEXTRA succeeded with the following output:
Change Dir: /Users/michaljason/Documents/atomic_swap/cmake-build-debug/CMakeFiles/CMakeTmp

Run Build Command(s):make -f Makefile cmTC_288e3/fast && /Library/Developer/CommandLineTools/usr/bin/make  -f CMakeFiles/cmTC_288e3.dir/build.make CMakeFiles/cmTC_288e3.dir/build
Building C object CMakeFiles/cmTC_288e3.dir/src.c.o
/Library/Developer/CommandLineTools/usr/bin/cc -DC_SUPPORTS__WEXTRA  -Werror -arch arm64 -isysroot /Library/Developer/CommandLineTools/SDKs/MacOSX13.3.sdk -mmacosx-version-min=13.0 -fcolor-diagnostics   -Wextra -std=c90 -MD -MT CMakeFiles/cmTC_288e3.dir/src.c.o -MF CMakeFiles/cmTC_288e3.dir/src.c.o.d -o CMakeFiles/cmTC_288e3.dir/src.c.o -c /Users/michaljason/Documents/atomic_swap/cmake-build-debug/CMakeFiles/CMakeTmp/src.c
Linking C static library libcmTC_288e3.a
/Applications/CLion.app/Contents/bin/cmake/mac/bin/cmake -P CMakeFiles/cmTC_288e3.dir/cmake_clean_target.cmake
/Applications/CLion.app/Contents/bin/cmake/mac/bin/cmake -E cmake_link_script CMakeFiles/cmTC_288e3.dir/link.txt --verbose=1
/Library/Developer/CommandLineTools/usr/bin/ar qc libcmTC_288e3.a CMakeFiles/cmTC_288e3.dir/src.c.o
/Library/Developer/CommandLineTools/usr/bin/ranlib libcmTC_288e3.a


Source file was:
int main(void) { return 0; }
Performing C SOURCE FILE Test C_SUPPORTS__WNESTED_EXTERNS succeeded with the following output:
Change Dir: /Users/michaljason/Documents/atomic_swap/cmake-build-debug/CMakeFiles/CMakeTmp

Run Build Command(s):make -f Makefile cmTC_2a15a/fast && /Library/Developer/CommandLineTools/usr/bin/make  -f CMakeFiles/cmTC_2a15a.dir/build.make CMakeFiles/cmTC_2a15a.dir/build
Building C object CMakeFiles/cmTC_2a15a.dir/src.c.o
/Library/Developer/CommandLineTools/usr/bin/cc -DC_SUPPORTS__WNESTED_EXTERNS  -Werror -arch arm64 -isysroot /Library/Developer/CommandLineTools/SDKs/MacOSX13.3.sdk -mmacosx-version-min=13.0 -fcolor-diagnostics   -Wnested-externs -std=c90 -MD -MT CMakeFiles/cmTC_2a15a.dir/src.c.o -MF CMakeFiles/cmTC_2a15a.dir/src.c.o.d -o CMakeFiles/cmTC_2a15a.dir/src.c.o -c /Users/michaljason/Documents/atomic_swap/cmake-build-debug/CMakeFiles/CMakeTmp/src.c
Linking C static library libcmTC_2a15a.a
/Applications/CLion.app/Contents/bin/cmake/mac/bin/cmake -P CMakeFiles/cmTC_2a15a.dir/cmake_clean_target.cmake
/Applications/CLion.app/Contents/bin/cmake/mac/bin/cmake -E cmake_link_script CMakeFiles/cmTC_2a15a.dir/link.txt --verbose=1
/Library/Developer/CommandLineTools/usr/bin/ar qc libcmTC_2a15a.a CMakeFiles/cmTC_2a15a.dir/src.c.o
/Library/Developer/CommandLineTools/usr/bin/ranlib libcmTC_2a15a.a


Source file was:
int main(void) { return 0; }
Performing C SOURCE FILE Test C_SUPPORTS__WNO_LONG_LONG succeeded with the following output:
Change Dir: /Users/michaljason/Documents/atomic_swap/cmake-build-debug/CMakeFiles/CMakeTmp

Run Build Command(s):make -f Makefile cmTC_7004e/fast && /Library/Developer/CommandLineTools/usr/bin/make  -f CMakeFiles/cmTC_7004e.dir/build.make CMakeFiles/cmTC_7004e.dir/build
Building C object CMakeFiles/cmTC_7004e.dir/src.c.o
/Library/Developer/CommandLineTools/usr/bin/cc -DC_SUPPORTS__WNO_LONG_LONG  -Werror -arch arm64 -isysroot /Library/Developer/CommandLineTools/SDKs/MacOSX13.3.sdk -mmacosx-version-min=13.0 -fcolor-diagnostics   -Wno-long-long -std=c90 -MD -MT CMakeFiles/cmTC_7004e.dir/src.c.o -MF CMakeFiles/cmTC_7004e.dir/src.c.o.d -o CMakeFiles/cmTC_7004e.dir/src.c.o -c /Users/michaljason/Documents/atomic_swap/cmake-build-debug/CMakeFiles/CMakeTmp/src.c
Linking C static library libcmTC_7004e.a
/Applications/CLion.app/Contents/bin/cmake/mac/bin/cmake -P CMakeFiles/cmTC_7004e.dir/cmake_clean_target.cmake
/Applications/CLion.app/Contents/bin/cmake/mac/bin/cmake -E cmake_link_script CMakeFiles/cmTC_7004e.dir/link.txt --verbose=1
/Library/Developer/CommandLineTools/usr/bin/ar qc libcmTC_7004e.a CMakeFiles/cmTC_7004e.dir/src.c.o
/Library/Developer/CommandLineTools/usr/bin/ranlib libcmTC_7004e.a


Source file was:
int main(void) { return 0; }
Performing C SOURCE FILE Test C_SUPPORTS__WNO_OVERLENGTH_STRINGS succeeded with the following output:
Change Dir: /Users/michaljason/Documents/atomic_swap/cmake-build-debug/CMakeFiles/CMakeTmp

Run Build Command(s):make -f Makefile cmTC_07f61/fast && /Library/Developer/CommandLineTools/usr/bin/make  -f CMakeFiles/cmTC_07f61.dir/build.make CMakeFiles/cmTC_07f61.dir/build
Building C object CMakeFiles/cmTC_07f61.dir/src.c.o
/Library/Developer/CommandLineTools/usr/bin/cc -DC_SUPPORTS__WNO_OVERLENGTH_STRINGS  -Werror -arch arm64 -isysroot /Library/Developer/CommandLineTools/SDKs/MacOSX13.3.sdk -mmacosx-version-min=13.0 -fcolor-diagnostics   -Wno-overlength-strings -std=c90 -MD -MT CMakeFiles/cmTC_07f61.dir/src.c.o -MF CMakeFiles/cmTC_07f61.dir/src.c.o.d -o CMakeFiles/cmTC_07f61.dir/src.c.o -c /Users/michaljason/Documents/atomic_swap/cmake-build-debug/CMakeFiles/CMakeTmp/src.c
Linking C static library libcmTC_07f61.a
/Applications/CLion.app/Contents/bin/cmake/mac/bin/cmake -P CMakeFiles/cmTC_07f61.dir/cmake_clean_target.cmake
/Applications/CLion.app/Contents/bin/cmake/mac/bin/cmake -E cmake_link_script CMakeFiles/cmTC_07f61.dir/link.txt --verbose=1
/Library/Developer/CommandLineTools/usr/bin/ar qc libcmTC_07f61.a CMakeFiles/cmTC_07f61.dir/src.c.o
/Library/Developer/CommandLineTools/usr/bin/ranlib libcmTC_07f61.a


Source file was:
int main(void) { return 0; }
Performing C SOURCE FILE Test C_SUPPORTS__WNO_UNUSED_FUNCTION succeeded with the following output:
Change Dir: /Users/michaljason/Documents/atomic_swap/cmake-build-debug/CMakeFiles/CMakeTmp

Run Build Command(s):make -f Makefile cmTC_9d534/fast && /Library/Developer/CommandLineTools/usr/bin/make  -f CMakeFiles/cmTC_9d534.dir/build.make CMakeFiles/cmTC_9d534.dir/build
Building C object CMakeFiles/cmTC_9d534.dir/src.c.o
/Library/Developer/CommandLineTools/usr/bin/cc -DC_SUPPORTS__WNO_UNUSED_FUNCTION  -Werror -arch arm64 -isysroot /Library/Developer/CommandLineTools/SDKs/MacOSX13.3.sdk -mmacosx-version-min=13.0 -fcolor-diagnostics   -Wno-unused-function -std=c90 -MD -MT CMakeFiles/cmTC_9d534.dir/src.c.o -MF CMakeFiles/cmTC_9d534.dir/src.c.o.d -o CMakeFiles/cmTC_9d534.dir/src.c.o -c /Users/michaljason/Documents/atomic_swap/cmake-build-debug/CMakeFiles/CMakeTmp/src.c
Linking C static library libcmTC_9d534.a
/Applications/CLion.app/Contents/bin/cmake/mac/bin/cmake -P CMakeFiles/cmTC_9d534.dir/cmake_clean_target.cmake
/Applications/CLion.app/Contents/bin/cmake/mac/bin/cmake -E cmake_link_script CMakeFiles/cmTC_9d534.dir/link.txt --verbose=1
/Library/Developer/CommandLineTools/usr/bin/ar qc libcmTC_9d534.a CMakeFiles/cmTC_9d534.dir/src.c.o
/Library/Developer/CommandLineTools/usr/bin/ranlib libcmTC_9d534.a


Source file was:
int main(void) { return 0; }
Performing C SOURCE FILE Test C_SUPPORTS__WRESERVED_IDENTIFIER succeeded with the following output:
Change Dir: /Users/michaljason/Documents/atomic_swap/cmake-build-debug/CMakeFiles/CMakeTmp

Run Build Command(s):make -f Makefile cmTC_2d256/fast && /Library/Developer/CommandLineTools/usr/bin/make  -f CMakeFiles/cmTC_2d256.dir/build.make CMakeFiles/cmTC_2d256.dir/build
Building C object CMakeFiles/cmTC_2d256.dir/src.c.o
/Library/Developer/CommandLineTools/usr/bin/cc -DC_SUPPORTS__WRESERVED_IDENTIFIER  -Werror -arch arm64 -isysroot /Library/Developer/CommandLineTools/SDKs/MacOSX13.3.sdk -mmacosx-version-min=13.0 -fcolor-diagnostics   -Wreserved-identifier -std=c90 -MD -MT CMakeFiles/cmTC_2d256.dir/src.c.o -MF CMakeFiles/cmTC_2d256.dir/src.c.o.d -o CMakeFiles/cmTC_2d256.dir/src.c.o -c /Users/michaljason/Documents/atomic_swap/cmake-build-debug/CMakeFiles/CMakeTmp/src.c
Linking C static library libcmTC_2d256.a
/Applications/CLion.app/Contents/bin/cmake/mac/bin/cmake -P CMakeFiles/cmTC_2d256.dir/cmake_clean_target.cmake
/Applications/CLion.app/Contents/bin/cmake/mac/bin/cmake -E cmake_link_script CMakeFiles/cmTC_2d256.dir/link.txt --verbose=1
/Library/Developer/CommandLineTools/usr/bin/ar qc libcmTC_2d256.a CMakeFiles/cmTC_2d256.dir/src.c.o
/Library/Developer/CommandLineTools/usr/bin/ranlib libcmTC_2d256.a


Source file was:
int main(void) { return 0; }
Performing C SOURCE FILE Test C_SUPPORTS__WSHADOW succeeded with the following output:
Change Dir: /Users/michaljason/Documents/atomic_swap/cmake-build-debug/CMakeFiles/CMakeTmp

Run Build Command(s):make -f Makefile cmTC_44ba0/fast && /Library/Developer/CommandLineTools/usr/bin/make  -f CMakeFiles/cmTC_44ba0.dir/build.make CMakeFiles/cmTC_44ba0.dir/build
Building C object CMakeFiles/cmTC_44ba0.dir/src.c.o
/Library/Developer/CommandLineTools/usr/bin/cc -DC_SUPPORTS__WSHADOW  -Werror -arch arm64 -isysroot /Library/Developer/CommandLineTools/SDKs/MacOSX13.3.sdk -mmacosx-version-min=13.0 -fcolor-diagnostics   -Wshadow -std=c90 -MD -MT CMakeFiles/cmTC_44ba0.dir/src.c.o -MF CMakeFiles/cmTC_44ba0.dir/src.c.o.d -o CMakeFiles/cmTC_44ba0.dir/src.c.o -c /Users/michaljason/Documents/atomic_swap/cmake-build-debug/CMakeFiles/CMakeTmp/src.c
Linking C static library libcmTC_44ba0.a
/Applications/CLion.app/Contents/bin/cmake/mac/bin/cmake -P CMakeFiles/cmTC_44ba0.dir/cmake_clean_target.cmake
/Applications/CLion.app/Contents/bin/cmake/mac/bin/cmake -E cmake_link_script CMakeFiles/cmTC_44ba0.dir/link.txt --verbose=1
/Library/Developer/CommandLineTools/usr/bin/ar qc libcmTC_44ba0.a CMakeFiles/cmTC_44ba0.dir/src.c.o
/Library/Developer/CommandLineTools/usr/bin/ranlib libcmTC_44ba0.a


Source file was:
int main(void) { return 0; }
Performing C SOURCE FILE Test C_SUPPORTS__WSTRICT_PROTOTYPES succeeded with the following output:
Change Dir: /Users/michaljason/Documents/atomic_swap/cmake-build-debug/CMakeFiles/CMakeTmp

Run Build Command(s):make -f Makefile cmTC_be101/fast && /Library/Developer/CommandLineTools/usr/bin/make  -f CMakeFiles/cmTC_be101.dir/build.make CMakeFiles/cmTC_be101.dir/build
Building C object CMakeFiles/cmTC_be101.dir/src.c.o
/Library/Developer/CommandLineTools/usr/bin/cc -DC_SUPPORTS__WSTRICT_PROTOTYPES  -Werror -arch arm64 -isysroot /Library/Developer/CommandLineTools/SDKs/MacOSX13.3.sdk -mmacosx-version-min=13.0 -fcolor-diagnostics   -Wstrict-prototypes -std=c90 -MD -MT CMakeFiles/cmTC_be101.dir/src.c.o -MF CMakeFiles/cmTC_be101.dir/src.c.o.d -o CMakeFiles/cmTC_be101.dir/src.c.o -c /Users/michaljason/Documents/atomic_swap/cmake-build-debug/CMakeFiles/CMakeTmp/src.c
Linking C static library libcmTC_be101.a
/Applications/CLion.app/Contents/bin/cmake/mac/bin/cmake -P CMakeFiles/cmTC_be101.dir/cmake_clean_target.cmake
/Applications/CLion.app/Contents/bin/cmake/mac/bin/cmake -E cmake_link_script CMakeFiles/cmTC_be101.dir/link.txt --verbose=1
/Library/Developer/CommandLineTools/usr/bin/ar qc libcmTC_be101.a CMakeFiles/cmTC_be101.dir/src.c.o
/Library/Developer/CommandLineTools/usr/bin/ranlib libcmTC_be101.a


Source file was:
int main(void) { return 0; }
Performing C SOURCE FILE Test C_SUPPORTS__WUNDEF succeeded with the following output:
Change Dir: /Users/michaljason/Documents/atomic_swap/cmake-build-debug/CMakeFiles/CMakeTmp

Run Build Command(s):make -f Makefile cmTC_e83a5/fast && /Library/Developer/CommandLineTools/usr/bin/make  -f CMakeFiles/cmTC_e83a5.dir/build.make CMakeFiles/cmTC_e83a5.dir/build
Building C object CMakeFiles/cmTC_e83a5.dir/src.c.o
/Library/Developer/CommandLineTools/usr/bin/cc -DC_SUPPORTS__WUNDEF  -Werror -arch arm64 -isysroot /Library/Developer/CommandLineTools/SDKs/MacOSX13.3.sdk -mmacosx-version-min=13.0 -fcolor-diagnostics   -Wundef -std=c90 -MD -MT CMakeFiles/cmTC_e83a5.dir/src.c.o -MF CMakeFiles/cmTC_e83a5.dir/src.c.o.d -o CMakeFiles/cmTC_e83a5.dir/src.c.o -c /Users/michaljason/Documents/atomic_swap/cmake-build-debug/CMakeFiles/CMakeTmp/src.c
Linking C static library libcmTC_e83a5.a
/Applications/CLion.app/Contents/bin/cmake/mac/bin/cmake -P CMakeFiles/cmTC_e83a5.dir/cmake_clean_target.cmake
/Applications/CLion.app/Contents/bin/cmake/mac/bin/cmake -E cmake_link_script CMakeFiles/cmTC_e83a5.dir/link.txt --verbose=1
/Library/Developer/CommandLineTools/usr/bin/ar qc libcmTC_e83a5.a CMakeFiles/cmTC_e83a5.dir/src.c.o
/Library/Developer/CommandLineTools/usr/bin/ranlib libcmTC_e83a5.a


Source file was:
int main(void) { return 0; }
